{"D:\\WebDev\\Project\\GradesRepo\\server\\src\\controllers\\userController.ts": {"path":"D:\\WebDev\\Project\\GradesRepo\\server\\src\\controllers\\userController.ts","statementMap":{"0":{"start":{"line":38,"column":18},"end":{"line":38,"column":21}},"1":{"start":{"line":2,"column":0},"end":{"line":2,"column":46}},"2":{"start":{"line":3,"column":0},"end":{"line":3,"column":53}},"3":{"start":{"line":4,"column":0},"end":{"line":4,"column":51}},"4":{"start":{"line":6,"column":15},"end":{"line":6,"column":33}},"5":{"start":{"line":8,"column":16},"end":{"line":32,"column":1}},"6":{"start":{"line":10,"column":4},"end":{"line":12,"column":5}},"7":{"start":{"line":11,"column":8},"end":{"line":11,"column":78}},"8":{"start":{"line":14,"column":24},"end":{"line":14,"column":58}},"9":{"start":{"line":16,"column":4},"end":{"line":18,"column":5}},"10":{"start":{"line":17,"column":8},"end":{"line":17,"column":65}},"11":{"start":{"line":20,"column":22},"end":{"line":20,"column":43}},"12":{"start":{"line":21,"column":4},"end":{"line":23,"column":5}},"13":{"start":{"line":22,"column":8},"end":{"line":22,"column":75}},"14":{"start":{"line":25,"column":27},"end":{"line":25,"column":58}},"15":{"start":{"line":27,"column":4},"end":{"line":29,"column":5}},"16":{"start":{"line":28,"column":8},"end":{"line":28,"column":68}},"17":{"start":{"line":31,"column":4},"end":{"line":31,"column":58}},"18":{"start":{"line":38,"column":9},"end":{"line":38,"column":16}},"19":{"start":{"line":35,"column":4},"end":{"line":35,"column":17}}},"fnMap":{"0":{"name":"(anonymous_0)","decl":{"start":{"line":8,"column":16},"end":{"line":8,"column":21}},"loc":{"start":{"line":8,"column":54},"end":{"line":32,"column":1}}},"1":{"name":"sum","decl":{"start":{"line":34,"column":9},"end":{"line":34,"column":12}},"loc":{"start":{"line":34,"column":33},"end":{"line":36,"column":1}}}},"branchMap":{"0":{"loc":{"start":{"line":10,"column":4},"end":{"line":12,"column":5}},"type":"if","locations":[{"start":{"line":10,"column":4},"end":{"line":12,"column":5}}]},"1":{"loc":{"start":{"line":16,"column":4},"end":{"line":18,"column":5}},"type":"if","locations":[{"start":{"line":16,"column":4},"end":{"line":18,"column":5}}]},"2":{"loc":{"start":{"line":21,"column":4},"end":{"line":23,"column":5}},"type":"if","locations":[{"start":{"line":21,"column":4},"end":{"line":23,"column":5}}]},"3":{"loc":{"start":{"line":27,"column":4},"end":{"line":29,"column":5}},"type":"if","locations":[{"start":{"line":27,"column":4},"end":{"line":29,"column":5}}]}},"s":{"0":1,"1":1,"2":1,"3":1,"4":1,"5":1,"6":0,"7":0,"8":0,"9":0,"10":0,"11":0,"12":0,"13":0,"14":0,"15":0,"16":0,"17":0,"18":1,"19":1},"f":{"0":0,"1":1},"b":{"0":[0],"1":[0],"2":[0],"3":[0]}}
,"D:\\WebDev\\Project\\GradesRepo\\server\\src\\data\\userDataAccess.ts": {"path":"D:\\WebDev\\Project\\GradesRepo\\server\\src\\data\\userDataAccess.ts","statementMap":{"0":{"start":{"line":1,"column":0},"end":{"line":1,"column":46}},"1":{"start":{"line":4,"column":15},"end":{"line":4,"column":33}},"2":{"start":{"line":7,"column":19},"end":{"line":51,"column":1}},"3":{"start":{"line":8,"column":4},"end":{"line":50,"column":5}},"4":{"start":{"line":9,"column":35},"end":{"line":45,"column":10}},"5":{"start":{"line":11,"column":28},"end":{"line":13,"column":14}},"6":{"start":{"line":15,"column":12},"end":{"line":42,"column":13}},"7":{"start":{"line":16,"column":28},"end":{"line":16,"column":65}},"8":{"start":{"line":17,"column":39},"end":{"line":19,"column":18}},"9":{"start":{"line":18,"column":20},"end":{"line":18,"column":71}},"10":{"start":{"line":21,"column":16},"end":{"line":23,"column":19}},"11":{"start":{"line":24,"column":19},"end":{"line":42,"column":13}},"12":{"start":{"line":25,"column":29},"end":{"line":25,"column":67}},"13":{"start":{"line":26,"column":39},"end":{"line":28,"column":18}},"14":{"start":{"line":27,"column":20},"end":{"line":27,"column":71}},"15":{"start":{"line":30,"column":16},"end":{"line":32,"column":19}},"16":{"start":{"line":33,"column":19},"end":{"line":42,"column":13}},"17":{"start":{"line":34,"column":29},"end":{"line":34,"column":67}},"18":{"start":{"line":35,"column":39},"end":{"line":37,"column":18}},"19":{"start":{"line":36,"column":20},"end":{"line":36,"column":71}},"20":{"start":{"line":39,"column":16},"end":{"line":41,"column":19}},"21":{"start":{"line":44,"column":12},"end":{"line":44,"column":27}},"22":{"start":{"line":46,"column":8},"end":{"line":46,"column":34}},"23":{"start":{"line":48,"column":8},"end":{"line":48,"column":48}},"24":{"start":{"line":49,"column":8},"end":{"line":49,"column":76}},"25":{"start":{"line":69,"column":9},"end":{"line":69,"column":19}},"26":{"start":{"line":54,"column":20},"end":{"line":66,"column":1}},"27":{"start":{"line":55,"column":4},"end":{"line":65,"column":5}},"28":{"start":{"line":56,"column":21},"end":{"line":60,"column":10}},"29":{"start":{"line":61,"column":8},"end":{"line":61,"column":20}},"30":{"start":{"line":63,"column":8},"end":{"line":63,"column":47}},"31":{"start":{"line":64,"column":8},"end":{"line":64,"column":25}},"32":{"start":{"line":69,"column":21},"end":{"line":69,"column":32}}},"fnMap":{"0":{"name":"(anonymous_0)","decl":{"start":{"line":7,"column":19},"end":{"line":7,"column":24}},"loc":{"start":{"line":7,"column":90},"end":{"line":51,"column":1}}},"1":{"name":"(anonymous_1)","decl":{"start":{"line":9,"column":61},"end":{"line":9,"column":66}},"loc":{"start":{"line":9,"column":72},"end":{"line":45,"column":9}}},"2":{"name":"(anonymous_2)","decl":{"start":{"line":17,"column":47},"end":{"line":17,"column":53}},"loc":{"start":{"line":17,"column":56},"end":{"line":19,"column":17}}},"3":{"name":"(anonymous_3)","decl":{"start":{"line":26,"column":48},"end":{"line":26,"column":54}},"loc":{"start":{"line":26,"column":57},"end":{"line":28,"column":17}}},"4":{"name":"(anonymous_4)","decl":{"start":{"line":35,"column":48},"end":{"line":35,"column":54}},"loc":{"start":{"line":35,"column":57},"end":{"line":37,"column":17}}},"5":{"name":"(anonymous_5)","decl":{"start":{"line":54,"column":20},"end":{"line":54,"column":25}},"loc":{"start":{"line":54,"column":45},"end":{"line":66,"column":1}}}},"branchMap":{"0":{"loc":{"start":{"line":15,"column":12},"end":{"line":42,"column":13}},"type":"if","locations":[{"start":{"line":15,"column":12},"end":{"line":42,"column":13}},{"start":{"line":24,"column":19},"end":{"line":42,"column":13}}]},"1":{"loc":{"start":{"line":15,"column":15},"end":{"line":15,"column":68}},"type":"binary-expr","locations":[{"start":{"line":15,"column":15},"end":{"line":15,"column":38}},{"start":{"line":15,"column":42},"end":{"line":15,"column":68}}]},"2":{"loc":{"start":{"line":24,"column":19},"end":{"line":42,"column":13}},"type":"if","locations":[{"start":{"line":24,"column":19},"end":{"line":42,"column":13}},{"start":{"line":33,"column":19},"end":{"line":42,"column":13}}]},"3":{"loc":{"start":{"line":24,"column":22},"end":{"line":24,"column":75}},"type":"binary-expr","locations":[{"start":{"line":24,"column":22},"end":{"line":24,"column":45}},{"start":{"line":24,"column":49},"end":{"line":24,"column":75}}]},"4":{"loc":{"start":{"line":33,"column":19},"end":{"line":42,"column":13}},"type":"if","locations":[{"start":{"line":33,"column":19},"end":{"line":42,"column":13}}]},"5":{"loc":{"start":{"line":33,"column":22},"end":{"line":33,"column":75}},"type":"binary-expr","locations":[{"start":{"line":33,"column":22},"end":{"line":33,"column":45}},{"start":{"line":33,"column":49},"end":{"line":33,"column":75}}]}},"s":{"0":1,"1":1,"2":1,"3":0,"4":0,"5":0,"6":0,"7":0,"8":0,"9":0,"10":0,"11":0,"12":0,"13":0,"14":0,"15":0,"16":0,"17":0,"18":0,"19":0,"20":0,"21":0,"22":0,"23":0,"24":0,"25":1,"26":1,"27":0,"28":0,"29":0,"30":0,"31":0,"32":1},"f":{"0":0,"1":0,"2":0,"3":0,"4":0,"5":0},"b":{"0":[0,0],"1":[0,0],"2":[0,0],"3":[0,0],"4":[0],"5":[0,0]}}
,"D:\\WebDev\\Project\\GradesRepo\\server\\src\\data\\userUtils.ts": {"path":"D:\\WebDev\\Project\\GradesRepo\\server\\src\\data\\userUtils.ts","statementMap":{"0":{"start":{"line":1,"column":0},"end":{"line":1,"column":46}},"1":{"start":{"line":5,"column":15},"end":{"line":5,"column":33}},"2":{"start":{"line":8,"column":19},"end":{"line":16,"column":1}},"3":{"start":{"line":9,"column":4},"end":{"line":15,"column":5}},"4":{"start":{"line":10,"column":24},"end":{"line":10,"column":73}},"5":{"start":{"line":11,"column":8},"end":{"line":11,"column":23}},"6":{"start":{"line":13,"column":8},"end":{"line":13,"column":44}},"7":{"start":{"line":14,"column":8},"end":{"line":14,"column":21}},"8":{"start":{"line":58,"column":9},"end":{"line":58,"column":19}},"9":{"start":{"line":18,"column":26},"end":{"line":28,"column":1}},"10":{"start":{"line":19,"column":4},"end":{"line":27,"column":5}},"11":{"start":{"line":20,"column":29},"end":{"line":22,"column":10}},"12":{"start":{"line":23,"column":8},"end":{"line":23,"column":32}},"13":{"start":{"line":25,"column":8},"end":{"line":25,"column":61}},"14":{"start":{"line":26,"column":8},"end":{"line":26,"column":76}},"15":{"start":{"line":58,"column":21},"end":{"line":58,"column":38}},"16":{"start":{"line":30,"column":27},"end":{"line":42,"column":1}},"17":{"start":{"line":31,"column":4},"end":{"line":41,"column":5}},"18":{"start":{"line":32,"column":8},"end":{"line":36,"column":11}},"19":{"start":{"line":37,"column":8},"end":{"line":37,"column":20}},"20":{"start":{"line":39,"column":8},"end":{"line":39,"column":38}},"21":{"start":{"line":40,"column":8},"end":{"line":40,"column":25}},"22":{"start":{"line":58,"column":40},"end":{"line":58,"column":58}},"23":{"start":{"line":44,"column":23},"end":{"line":56,"column":1}},"24":{"start":{"line":45,"column":4},"end":{"line":55,"column":5}},"25":{"start":{"line":46,"column":24},"end":{"line":50,"column":10}},"26":{"start":{"line":51,"column":8},"end":{"line":51,"column":23}},"27":{"start":{"line":53,"column":8},"end":{"line":53,"column":47}},"28":{"start":{"line":54,"column":8},"end":{"line":54,"column":25}},"29":{"start":{"line":58,"column":60},"end":{"line":58,"column":74}}},"fnMap":{"0":{"name":"(anonymous_0)","decl":{"start":{"line":8,"column":19},"end":{"line":8,"column":24}},"loc":{"start":{"line":8,"column":43},"end":{"line":16,"column":1}}},"1":{"name":"(anonymous_1)","decl":{"start":{"line":18,"column":26},"end":{"line":18,"column":31}},"loc":{"start":{"line":18,"column":86},"end":{"line":28,"column":1}}},"2":{"name":"(anonymous_2)","decl":{"start":{"line":30,"column":27},"end":{"line":30,"column":32}},"loc":{"start":{"line":30,"column":58},"end":{"line":42,"column":1}}},"3":{"name":"(anonymous_3)","decl":{"start":{"line":44,"column":23},"end":{"line":44,"column":28}},"loc":{"start":{"line":44,"column":51},"end":{"line":56,"column":1}}}},"branchMap":{},"s":{"0":1,"1":1,"2":1,"3":0,"4":0,"5":0,"6":0,"7":0,"8":1,"9":1,"10":0,"11":0,"12":0,"13":0,"14":0,"15":1,"16":1,"17":0,"18":0,"19":0,"20":0,"21":0,"22":1,"23":1,"24":0,"25":0,"26":0,"27":0,"28":0,"29":1},"f":{"0":0,"1":0,"2":0,"3":0},"b":{}}
}
